14:37:19 **** Build of configuration Default for project app ****
make all 
make[1]: Entering directory '/cygdrive/g/ESP8266/workspace/esp_iot_sdk_v1.4.0/app/user'
DEPEND: xt-xcc -M -Os -g -Wpointer-arith -Wundef -Werror -Wl,-EL -fno-inline-functions -nostdlib -mlongcalls -mtext-section-literals -ffunction-sections -fdata-sections -DICACHE_FLASH -I include -I ./ -I ../../include/ets -I ../include -I ../../include -I ../../include/eagle user_sensor.c
DEPEND: xt-xcc -M -Os -g -Wpointer-arith -Wundef -Werror -Wl,-EL -fno-inline-functions -nostdlib -mlongcalls -mtext-section-literals -ffunction-sections -fdata-sections -DICACHE_FLASH -I include -I ./ -I ../../include/ets -I ../include -I ../../include -I ../../include/eagle user_light.c
DEPEND: xt-xcc -M -Os -g -Wpointer-arith -Wundef -Werror -Wl,-EL -fno-inline-functions -nostdlib -mlongcalls -mtext-section-literals -ffunction-sections -fdata-sections -DICACHE_FLASH -I include -I ./ -I ../../include/ets -I ../include -I ../../include -I ../../include/eagle user_esp_platform.c
DEPEND: xt-xcc -M -Os -g -Wpointer-arith -Wundef -Werror -Wl,-EL -fno-inline-functions -nostdlib -mlongcalls -mtext-section-literals -ffunction-sections -fdata-sections -DICACHE_FLASH -I include -I ./ -I ../../include/ets -I ../include -I ../../include -I ../../include/eagle user_devicefind.c
DEPEND: xt-xcc -M -Os -g -Wpointer-arith -Wundef -Werror -Wl,-EL -fno-inline-functions -nostdlib -mlongcalls -mtext-section-literals -ffunction-sections -fdata-sections -DICACHE_FLASH -I include -I ./ -I ../../include/ets -I ../include -I ../../include -I ../../include/eagle user_plug.c
DEPEND: xt-xcc -M -Os -g -Wpointer-arith -Wundef -Werror -Wl,-EL -fno-inline-functions -nostdlib -mlongcalls -mtext-section-literals -ffunction-sections -fdata-sections -DICACHE_FLASH -I include -I ./ -I ../../include/ets -I ../include -I ../../include -I ../../include/eagle user_main.c
DEPEND: xt-xcc -M -Os -g -Wpointer-arith -Wundef -Werror -Wl,-EL -fno-inline-functions -nostdlib -mlongcalls -mtext-section-literals -ffunction-sections -fdata-sections -DICACHE_FLASH -I include -I ./ -I ../../include/ets -I ../include -I ../../include -I ../../include/eagle user_json.c
DEPEND: xt-xcc -M -Os -g -Wpointer-arith -Wundef -Werror -Wl,-EL -fno-inline-functions -nostdlib -mlongcalls -mtext-section-literals -ffunction-sections -fdata-sections -DICACHE_FLASH -I include -I ./ -I ../../include/ets -I ../include -I ../../include -I ../../include/eagle user_light_adj.c
DEPEND: xt-xcc -M -Os -g -Wpointer-arith -Wundef -Werror -Wl,-EL -fno-inline-functions -nostdlib -mlongcalls -mtext-section-literals -ffunction-sections -fdata-sections -DICACHE_FLASH -I include -I ./ -I ../../include/ets -I ../include -I ../../include -I ../../include/eagle user_webserver.c
DEPEND: xt-xcc -M -Os -g -Wpointer-arith -Wundef -Werror -Wl,-EL -fno-inline-functions -nostdlib -mlongcalls -mtext-section-literals -ffunction-sections -fdata-sections -DICACHE_FLASH -I include -I ./ -I ../../include/ets -I ../include -I ../../include -I ../../include/eagle user_esp_platform_timer.c
xt-xcc -Os -g -Wpointer-arith -Wundef -Werror -Wl,-EL -fno-inline-functions -nostdlib -mlongcalls -mtext-section-literals -ffunction-sections -fdata-sections  -DICACHE_FLASH   -I include -I ./ -I ../../include/ets -I ../include -I ../../include -I ../../include/eagle  -o .output/eagle/debug/obj/user_esp_platform_timer.o -c user_esp_platform_timer.c
xt-xcc -Os -g -Wpointer-arith -Wundef -Werror -Wl,-EL -fno-inline-functions -nostdlib -mlongcalls -mtext-section-literals -ffunction-sections -fdata-sections  -DICACHE_FLASH   -I include -I ./ -I ../../include/ets -I ../include -I ../../include -I ../../include/eagle  -o .output/eagle/debug/obj/user_webserver.o -c user_webserver.c
xt-xcc -Os -g -Wpointer-arith -Wundef -Werror -Wl,-EL -fno-inline-functions -nostdlib -mlongcalls -mtext-section-literals -ffunction-sections -fdata-sections  -DICACHE_FLASH   -I include -I ./ -I ../../include/ets -I ../include -I ../../include -I ../../include/eagle  -o .output/eagle/debug/obj/user_light_adj.o -c user_light_adj.c
xt-xcc -Os -g -Wpointer-arith -Wundef -Werror -Wl,-EL -fno-inline-functions -nostdlib -mlongcalls -mtext-section-literals -ffunction-sections -fdata-sections  -DICACHE_FLASH   -I include -I ./ -I ../../include/ets -I ../include -I ../../include -I ../../include/eagle  -o .output/eagle/debug/obj/user_json.o -c user_json.c
xt-xcc -Os -g -Wpointer-arith -Wundef -Werror -Wl,-EL -fno-inline-functions -nostdlib -mlongcalls -mtext-section-literals -ffunction-sections -fdata-sections  -DICACHE_FLASH   -I include -I ./ -I ../../include/ets -I ../include -I ../../include -I ../../include/eagle  -o .output/eagle/debug/obj/user_main.o -c user_main.c
xt-xcc -Os -g -Wpointer-arith -Wundef -Werror -Wl,-EL -fno-inline-functions -nostdlib -mlongcalls -mtext-section-literals -ffunction-sections -fdata-sections  -DICACHE_FLASH   -I include -I ./ -I ../../include/ets -I ../include -I ../../include -I ../../include/eagle  -o .output/eagle/debug/obj/user_plug.o -c user_plug.c
xt-xcc -Os -g -Wpointer-arith -Wundef -Werror -Wl,-EL -fno-inline-functions -nostdlib -mlongcalls -mtext-section-literals -ffunction-sections -fdata-sections  -DICACHE_FLASH   -I include -I ./ -I ../../include/ets -I ../include -I ../../include -I ../../include/eagle  -o .output/eagle/debug/obj/user_devicefind.o -c user_devicefind.c
xt-xcc -Os -g -Wpointer-arith -Wundef -Werror -Wl,-EL -fno-inline-functions -nostdlib -mlongcalls -mtext-section-literals -ffunction-sections -fdata-sections  -DICACHE_FLASH   -I include -I ./ -I ../../include/ets -I ../include -I ../../include -I ../../include/eagle  -o .output/eagle/debug/obj/user_esp_platform.o -c user_esp_platform.c
xt-xcc -Os -g -Wpointer-arith -Wundef -Werror -Wl,-EL -fno-inline-functions -nostdlib -mlongcalls -mtext-section-literals -ffunction-sections -fdata-sections  -DICACHE_FLASH   -I include -I ./ -I ../../include/ets -I ../include -I ../../include -I ../../include/eagle  -o .output/eagle/debug/obj/user_light.o -c user_light.c
xt-xcc -Os -g -Wpointer-arith -Wundef -Werror -Wl,-EL -fno-inline-functions -nostdlib -mlongcalls -mtext-section-literals -ffunction-sections -fdata-sections  -DICACHE_FLASH   -I include -I ./ -I ../../include/ets -I ../include -I ../../include -I ../../include/eagle  -o .output/eagle/debug/obj/user_sensor.o -c user_sensor.c
xt-ar ru .output/eagle/debug/lib/libuser.a .output/eagle/debug/obj/user_esp_platform_timer.o .output/eagle/debug/obj/user_webserver.o .output/eagle/debug/obj/user_light_adj.o .output/eagle/debug/obj/user_json.o .output/eagle/debug/obj/user_main.o .output/eagle/debug/obj/user_plug.o .output/eagle/debug/obj/user_devicefind.o .output/eagle/debug/obj/user_esp_platform.o .output/eagle/debug/obj/user_light.o .output/eagle/debug/obj/user_sensor.o 
xt-ar: creating .output/eagle/debug/lib/libuser.a
make[1]: Leaving directory '/cygdrive/g/ESP8266/workspace/esp_iot_sdk_v1.4.0/app/user'
make[1]: Entering directory '/cygdrive/g/ESP8266/workspace/esp_iot_sdk_v1.4.0/app/driver'
DEPEND: xt-xcc -M -Os -g -Wpointer-arith -Wundef -Werror -Wl,-EL -fno-inline-functions -nostdlib -mlongcalls -mtext-section-literals -ffunction-sections -fdata-sections -DICACHE_FLASH -I include -I ./ -I ../include -I ../../include -I ../../include/eagle key.c
DEPEND: xt-xcc -M -Os -g -Wpointer-arith -Wundef -Werror -Wl,-EL -fno-inline-functions -nostdlib -mlongcalls -mtext-section-literals -ffunction-sections -fdata-sections -DICACHE_FLASH -I include -I ./ -I ../include -I ../../include -I ../../include/eagle i2c_master.c
xt-xcc -Os -g -Wpointer-arith -Wundef -Werror -Wl,-EL -fno-inline-functions -nostdlib -mlongcalls -mtext-section-literals -ffunction-sections -fdata-sections  -DICACHE_FLASH   -I include -I ./ -I ../include -I ../../include -I ../../include/eagle  -o .output/eagle/debug/obj/i2c_master.o -c i2c_master.c
xt-xcc -Os -g -Wpointer-arith -Wundef -Werror -Wl,-EL -fno-inline-functions -nostdlib -mlongcalls -mtext-section-literals -ffunction-sections -fdata-sections  -DICACHE_FLASH   -I include -I ./ -I ../include -I ../../include -I ../../include/eagle  -o .output/eagle/debug/obj/key.o -c key.c
xt-ar ru .output/eagle/debug/lib/libdriver.a .output/eagle/debug/obj/i2c_master.o .output/eagle/debug/obj/key.o 
xt-ar: creating .output/eagle/debug/lib/libdriver.a
make[1]: Leaving directory '/cygdrive/g/ESP8266/workspace/esp_iot_sdk_v1.4.0/app/driver'
xt-xcc  -L../lib -nostdlib -T../ld/eagle.app.v6.ld -Wl,--no-check-sections -u call_user_start -Wl,-static -Wl,--start-group -lc -lgcc -lhal -lphy -lpp -lnet80211 -llwip -lwpa -lmain -ljson -lupgrade -lssl -lpwm -lsmartconfig user/.output/eagle/debug/lib/libuser.a driver/.output/eagle/debug/lib/libdriver.a -Wl,--end-group -o .output/eagle/debug/image/eagle.app.v6.out 

!!!
No boot needed.
Generate eagle.flash.bin and eagle.irom0text.bin successully in folder bin.
eagle.flash.bin-------->0x00000
eagle.irom0text.bin---->0x40000
!!!
